<?xml version="1.0" encoding="UTF-8"?>
<!-- Generated by org.testng.reporters.JUnitReportReporter -->
<testsuite hostname="LAPTOP-UUVR85DV" failures="0" tests="1" name="Registreaccount.TC_RF_003" time="7.786" errors="0" timestamp="2025-03-16T17:58:11 IST" skipped="0">
  <testcase classname="Registreaccount.TC_RF_003" name="verifyRegisterWithAllFields" time="7.786"/>
</testsuite> <!-- Registreaccount.TC_RF_003 -->
