<?xml version="1.0" encoding="UTF-8"?>
<!-- Generated by org.testng.reporters.JUnitReportReporter -->
<testsuite hostname="LAPTOP-UUVR85DV" failures="0" tests="1" name="Registreaccount.TC_RF_005" time="11.225" errors="0" timestamp="2025-03-17T12:34:51 IST" skipped="0">
  <testcase classname="Registreaccount.TC_RF_005" name="VerifyRegisteringAccountBySubscribingToNewSletter" time="11.225"/>
</testsuite> <!-- Registreaccount.TC_RF_005 -->
