<?xml version="1.0" encoding="UTF-8"?>
<!-- Generated by org.testng.reporters.JUnitReportReporter -->
<testsuite hostname="LAPTOP-UUVR85DV" failures="0" tests="1" name="Registreaccount.TC_RF_004" time="7.794" errors="0" timestamp="2025-03-17T11:53:59 IST" skipped="0">
  <testcase classname="Registreaccount.TC_RF_004" name="VerifyRegisterAccountWithoutFillFields" time="7.794"/>
</testsuite> <!-- Registreaccount.TC_RF_004 -->
